<?xml version="1.0" encoding="UTF-8"?>
<!-- Generated by org.testng.reporters.JUnitReportReporter -->
<testsuite hostname="ShreyasAmin" failures="0" tests="1" name="EcomAutomation.SeleniumFD.Tests.ErrorValidation" time="6.040" errors="0" timestamp="2024-03-26T05:30:06 IST" skipped="0">
  <testcase classname="EcomAutomation.SeleniumFD.Tests.ErrorValidation" name="loginErrorValidation" time="6.040"/>
</testsuite> <!-- EcomAutomation.SeleniumFD.Tests.ErrorValidation -->
