<?xml version="1.0" encoding="UTF-8"?>
<!-- Generated by org.testng.reporters.JUnitReportReporter -->
<testsuite hostname="ShreyasAmin" failures="0" tests="1" name="Cucumber.TestNGRunner" time="7.328" errors="0" timestamp="2024-03-17T19:42:38 IST" skipped="0">
  <testcase classname="Cucumber.TestNGRunner" name="runScenario" time="7.328"/>
</testsuite> <!-- Cucumber.TestNGRunner -->
