<?xml version="1.0" encoding="UTF-8"?>
<!-- Generated by org.testng.reporters.JUnitReportReporter -->
<testsuite hostname="ShreyasAmin" failures="0" tests="2" name="EcomAutomation.SeleniumFD.Tests.SubmitOrderTest" time="15.978" errors="0" timestamp="2024-03-26T05:30:06 IST" skipped="0">
  <testcase classname="EcomAutomation.SeleniumFD.Tests.SubmitOrderTest" name="SubmitOrder" time="6.316"/>
  <testcase classname="EcomAutomation.SeleniumFD.Tests.SubmitOrderTest" name="SubmitOrder" time="9.662"/>
</testsuite> <!-- EcomAutomation.SeleniumFD.Tests.SubmitOrderTest -->
