<?xml version="1.0" encoding="UTF-8"?>
<!-- Generated by org.testng.reporters.JUnitReportReporter -->
<testsuite hostname="ShreyasAmin" failures="0" tests="2" name="EcomAutomation.SeleniumFD.Tests.SubmitOrderTest" time="14.673" errors="0" timestamp="2024-03-16T23:37:43 IST" skipped="0">
  <testcase classname="EcomAutomation.SeleniumFD.Tests.SubmitOrderTest" name="SubmitOrder" time="8.001"/>
  <testcase classname="EcomAutomation.SeleniumFD.Tests.SubmitOrderTest" name="SubmitOrder" time="6.672"/>
</testsuite> <!-- EcomAutomation.SeleniumFD.Tests.SubmitOrderTest -->
