<?xml version="1.0" encoding="UTF-8"?>
<!-- Generated by org.testng.reporters.JUnitReportReporter -->
<testsuite hostname="ShreyasAmin" failures="0" tests="1" name="EcomAutomation.SeleniumFD.Tests.ErrorValidation" time="5.815" errors="0" timestamp="2024-03-16T23:37:43 IST" skipped="0">
  <testcase classname="EcomAutomation.SeleniumFD.Tests.ErrorValidation" name="loginErrorValidation" time="5.815"/>
</testsuite> <!-- EcomAutomation.SeleniumFD.Tests.ErrorValidation -->
